<?xml version="1.0" encoding="UTF-8"?>
<robot generator="Robot 6.1.1 (Python 3.10.12 on win32)" generated="20240520 18:10:06.343" rpa="false" schemaversion="4">
<suite id="s1" name="Tasks" source="c:\Users\javie\OneDrive\Escritorio\synthWave1\synthwave001\bots\twitterTendences\twitterTendences\tasks.robot">
<test id="s1-t1" name="Start" line="15">
<kw name="Enter the page and scrapt tendences">
<var>${result}</var>
<kw name="Set Variable" library="BuiltIn">
<var>${new_folder}</var>
<arg>dataset</arg>
<doc>Returns the given values which can then be assigned to a variables.</doc>
<msg timestamp="20240520 18:10:07.153" level="INFO">${new_folder} = dataset</msg>
<status status="PASS" starttime="20240520 18:10:07.153" endtime="20240520 18:10:07.153"/>
</kw>
<kw name="Create Directory" library="OperatingSystem">
<arg>${new_folder}</arg>
<doc>Creates the specified directory.</doc>
<msg timestamp="20240520 18:10:07.153" level="INFO" html="true">Directory '&lt;a href="file://C:\Users\javie\OneDrive\Escritorio\synthWave1\synthwave001\dataset"&gt;C:\Users\javie\OneDrive\Escritorio\synthWave1\synthwave001\dataset&lt;/a&gt;' already exists.</msg>
<status status="PASS" starttime="20240520 18:10:07.153" endtime="20240520 18:10:07.163"/>
</kw>
<kw name="Set Variable" library="BuiltIn">
<var>${DOWNLOAD_DIR}</var>
<arg>c:\\Users\\javie\\OneDrive\\Escritorio\\synthWave1\\synthwave001\\bots\\twitterTendences\\twitterTendences${/}${new_folder}</arg>
<doc>Returns the given values which can then be assigned to a variables.</doc>
<msg timestamp="20240520 18:10:07.166" level="INFO">${DOWNLOAD_DIR} = c:\Users\javie\OneDrive\Escritorio\synthWave1\synthwave001\bots\twitterTendences\twitterTendences\dataset</msg>
<status status="PASS" starttime="20240520 18:10:07.165" endtime="20240520 18:10:07.168"/>
</kw>
<kw name="Set Environment Variable" library="OperatingSystem">
<arg>webdriver.chrome.driver</arg>
<arg>${CHROME_DRIVER_PATH}</arg>
<doc>Sets an environment variable to a specified value.</doc>
<msg timestamp="20240520 18:10:07.172" level="INFO">Environment variable 'webdriver.chrome.driver' set to value 'c:\Users\javie\OneDrive\Escritorio\synthWave1\synthwave001\bots\twitterTendences\twitterTendences\lib/chromedriver-win64/chromedriver.exe'.</msg>
<status status="PASS" starttime="20240520 18:10:07.170" endtime="20240520 18:10:07.173"/>
</kw>
<kw name="Evaluate" library="BuiltIn">
<var>${chrome_options}</var>
<arg>sys.modules['selenium.webdriver'].ChromeOptions()</arg>
<arg>sys, selenium.webdriver</arg>
<doc>Evaluates the given expression in Python and returns the result.</doc>
<msg timestamp="20240520 18:10:07.178" level="INFO">${chrome_options} = &lt;selenium.webdriver.chrome.options.Options object at 0x000001E1566F6DA0&gt;</msg>
<status status="PASS" starttime="20240520 18:10:07.173" endtime="20240520 18:10:07.178"/>
</kw>
<kw name="Call Method" library="BuiltIn">
<arg>${chrome_options}</arg>
<arg>add_argument</arg>
<arg>--headless</arg>
<doc>Calls the named method of the given object with the provided arguments.</doc>
<status status="PASS" starttime="20240520 18:10:07.178" endtime="20240520 18:10:07.183"/>
</kw>
<kw name="Call Method" library="BuiltIn">
<arg>${chrome_options}</arg>
<arg>add_argument</arg>
<arg>--disable-gpu</arg>
<doc>Calls the named method of the given object with the provided arguments.</doc>
<status status="PASS" starttime="20240520 18:10:07.183" endtime="20240520 18:10:07.183"/>
</kw>
<kw name="Call Method" library="BuiltIn">
<arg>${chrome_options}</arg>
<arg>add_argument</arg>
<arg>--no-sandbox</arg>
<doc>Calls the named method of the given object with the provided arguments.</doc>
<status status="PASS" starttime="20240520 18:10:07.183" endtime="20240520 18:10:07.189"/>
</kw>
<kw name="Call Method" library="BuiltIn">
<arg>${chrome_options}</arg>
<arg>add_argument</arg>
<arg>--disable-dev-shm-usage</arg>
<doc>Calls the named method of the given object with the provided arguments.</doc>
<status status="PASS" starttime="20240520 18:10:07.189" endtime="20240520 18:10:07.193"/>
</kw>
<kw name="Create Dictionary" library="BuiltIn">
<var>${prefs}</var>
<arg>download.default_directory</arg>
<arg>${DOWNLOAD_DIR}</arg>
<doc>Creates and returns a dictionary based on the given ``items``.</doc>
<msg timestamp="20240520 18:10:07.198" level="INFO">${prefs} = {'download.default_directory': 'c:\\Users\\javie\\OneDrive\\Escritorio\\synthWave1\\synthwave001\\bots\\twitterTendences\\twitterTendences\\dataset'}</msg>
<status status="PASS" starttime="20240520 18:10:07.193" endtime="20240520 18:10:07.199"/>
</kw>
<kw name="Call Method" library="BuiltIn">
<arg>${chrome_options}</arg>
<arg>add_experimental_option</arg>
<arg>prefs</arg>
<arg>${prefs}</arg>
<doc>Calls the named method of the given object with the provided arguments.</doc>
<status status="PASS" starttime="20240520 18:10:07.201" endtime="20240520 18:10:07.203"/>
</kw>
<kw name="Create Webdriver" library="SeleniumLibrary">
<arg>Chrome</arg>
<arg>options=${chrome_options}</arg>
<doc>Creates an instance of Selenium WebDriver.</doc>
<msg timestamp="20240520 18:10:07.203" level="INFO">Creating an instance of the Chrome WebDriver.</msg>
<status status="PASS" starttime="20240520 18:10:07.203" endtime="20240520 18:10:08.583"/>
</kw>
<kw name="Go To" library="SeleniumLibrary">
<arg>${URL}</arg>
<doc>Navigates the current browser window to the provided ``url``.</doc>
<msg timestamp="20240520 18:10:08.583" level="INFO">Opening url 'https://getdaytrends.com/es/'</msg>
<status status="PASS" starttime="20240520 18:10:08.583" endtime="20240520 18:10:09.136"/>
</kw>
<kw name="Sleep" library="BuiltIn">
<arg>4</arg>
<doc>Pauses the test executed for the given time.</doc>
<msg timestamp="20240520 18:10:13.139" level="INFO">Slept 4 seconds</msg>
<status status="PASS" starttime="20240520 18:10:09.137" endtime="20240520 18:10:13.141"/>
</kw>
<kw name="Set Variable" library="BuiltIn">
<var>${all_text}</var>
<arg>${EMPTY}</arg>
<doc>Returns the given values which can then be assigned to a variables.</doc>
<msg timestamp="20240520 18:10:13.145" level="INFO">${all_text} = </msg>
<status status="PASS" starttime="20240520 18:10:13.142" endtime="20240520 18:10:13.146"/>
</kw>
<for flavor="IN RANGE">
<var>${i}</var>
<value>1</value>
<value>11</value>
<iter>
<var name="${i}">1</var>
<kw name="Get Text" library="SeleniumLibrary">
<var>${text}</var>
<arg>xpath=(//td[@class='main']//a)[${i}]</arg>
<doc>Returns the text value of the element identified by ``locator``.</doc>
<msg timestamp="20240520 18:10:13.176" level="INFO">${text} = #ゴンチャの新作</msg>
<status status="PASS" starttime="20240520 18:10:13.149" endtime="20240520 18:10:13.177"/>
</kw>
<kw name="Convert To Json" library="special">
<var>${json_text}</var>
<arg>${i}</arg>
<arg>${text}</arg>
<msg timestamp="20240520 18:10:13.179" level="INFO">${json_text} = {"top": "1", "tt": "#ゴンチャの新作"}</msg>
<status status="PASS" starttime="20240520 18:10:13.178" endtime="20240520 18:10:13.179"/>
</kw>
<kw name="Catenate" library="BuiltIn">
<var>${all_text}</var>
<arg>${all_text}</arg>
<arg>${json_text}\n</arg>
<doc>Catenates the given items together and returns the resulted string.</doc>
<msg timestamp="20240520 18:10:13.181" level="INFO">${all_text} =  {"top": "1", "tt": "#ゴンチャの新作"}
</msg>
<status status="PASS" starttime="20240520 18:10:13.180" endtime="20240520 18:10:13.182"/>
</kw>
<status status="PASS" starttime="20240520 18:10:13.148" endtime="20240520 18:10:13.182"/>
</iter>
<iter>
<var name="${i}">2</var>
<kw name="Get Text" library="SeleniumLibrary">
<var>${text}</var>
<arg>xpath=(//td[@class='main']//a)[${i}]</arg>
<doc>Returns the text value of the element identified by ``locator``.</doc>
<msg timestamp="20240520 18:10:13.205" level="INFO">${text} = #あさイチ</msg>
<status status="PASS" starttime="20240520 18:10:13.183" endtime="20240520 18:10:13.205"/>
</kw>
<kw name="Convert To Json" library="special">
<var>${json_text}</var>
<arg>${i}</arg>
<arg>${text}</arg>
<msg timestamp="20240520 18:10:13.208" level="INFO">${json_text} = {"top": "2", "tt": "#あさイチ"}</msg>
<status status="PASS" starttime="20240520 18:10:13.206" endtime="20240520 18:10:13.209"/>
</kw>
<kw name="Catenate" library="BuiltIn">
<var>${all_text}</var>
<arg>${all_text}</arg>
<arg>${json_text}\n</arg>
<doc>Catenates the given items together and returns the resulted string.</doc>
<msg timestamp="20240520 18:10:13.211" level="INFO">${all_text} =  {"top": "1", "tt": "#ゴンチャの新作"}
 {"top": "2", "tt": "#あさイチ"}
</msg>
<status status="PASS" starttime="20240520 18:10:13.210" endtime="20240520 18:10:13.212"/>
</kw>
<status status="PASS" starttime="20240520 18:10:13.183" endtime="20240520 18:10:13.212"/>
</iter>
<iter>
<var name="${i}">3</var>
<kw name="Get Text" library="SeleniumLibrary">
<var>${text}</var>
<arg>xpath=(//td[@class='main']//a)[${i}]</arg>
<doc>Returns the text value of the element identified by ``locator``.</doc>
<msg timestamp="20240520 18:10:13.236" level="INFO">${text} = #ريان_حايك</msg>
<status status="PASS" starttime="20240520 18:10:13.214" endtime="20240520 18:10:13.236"/>
</kw>
<kw name="Convert To Json" library="special">
<var>${json_text}</var>
<arg>${i}</arg>
<arg>${text}</arg>
<msg timestamp="20240520 18:10:13.239" level="INFO">${json_text} = {"top": "3", "tt": "#ريان_حايك"}</msg>
<status status="PASS" starttime="20240520 18:10:13.237" endtime="20240520 18:10:13.240"/>
</kw>
<kw name="Catenate" library="BuiltIn">
<var>${all_text}</var>
<arg>${all_text}</arg>
<arg>${json_text}\n</arg>
<doc>Catenates the given items together and returns the resulted string.</doc>
<msg timestamp="20240520 18:10:13.243" level="INFO">${all_text} =  {"top": "1", "tt": "#ゴンチャの新作"}
 {"top": "2", "tt": "#あさイチ"}
 {"top": "3", "tt": "#ريان_حايك"}
</msg>
<status status="PASS" starttime="20240520 18:10:13.241" endtime="20240520 18:10:13.244"/>
</kw>
<status status="PASS" starttime="20240520 18:10:13.213" endtime="20240520 18:10:13.244"/>
</iter>
<iter>
<var name="${i}">4</var>
<kw name="Get Text" library="SeleniumLibrary">
<var>${text}</var>
<arg>xpath=(//td[@class='main']//a)[${i}]</arg>
<doc>Returns the text value of the element identified by ``locator``.</doc>
<msg timestamp="20240520 18:10:13.267" level="INFO">${text} = マスカット</msg>
<status status="PASS" starttime="20240520 18:10:13.246" endtime="20240520 18:10:13.268"/>
</kw>
<kw name="Convert To Json" library="special">
<var>${json_text}</var>
<arg>${i}</arg>
<arg>${text}</arg>
<msg timestamp="20240520 18:10:13.271" level="INFO">${json_text} = {"top": "4", "tt": "マスカット"}</msg>
<status status="PASS" starttime="20240520 18:10:13.269" endtime="20240520 18:10:13.271"/>
</kw>
<kw name="Catenate" library="BuiltIn">
<var>${all_text}</var>
<arg>${all_text}</arg>
<arg>${json_text}\n</arg>
<doc>Catenates the given items together and returns the resulted string.</doc>
<msg timestamp="20240520 18:10:13.275" level="INFO">${all_text} =  {"top": "1", "tt": "#ゴンチャの新作"}
 {"top": "2", "tt": "#あさイチ"}
 {"top": "3", "tt": "#ريان_حايك"}
 {"top": "4", "tt": "マスカット"}
</msg>
<status status="PASS" starttime="20240520 18:10:13.273" endtime="20240520 18:10:13.275"/>
</kw>
<status status="PASS" starttime="20240520 18:10:13.245" endtime="20240520 18:10:13.276"/>
</iter>
<iter>
<var name="${i}">5</var>
<kw name="Get Text" library="SeleniumLibrary">
<var>${text}</var>
<arg>xpath=(//td[@class='main']//a)[${i}]</arg>
<doc>Returns the text value of the element identified by ``locator``.</doc>
<msg timestamp="20240520 18:10:13.301" level="INFO">${text} = 給与明細</msg>
<status status="PASS" starttime="20240520 18:10:13.278" endtime="20240520 18:10:13.302"/>
</kw>
<kw name="Convert To Json" library="special">
<var>${json_text}</var>
<arg>${i}</arg>
<arg>${text}</arg>
<msg timestamp="20240520 18:10:13.304" level="INFO">${json_text} = {"top": "5", "tt": "給与明細"}</msg>
<status status="PASS" starttime="20240520 18:10:13.302" endtime="20240520 18:10:13.304"/>
</kw>
<kw name="Catenate" library="BuiltIn">
<var>${all_text}</var>
<arg>${all_text}</arg>
<arg>${json_text}\n</arg>
<doc>Catenates the given items together and returns the resulted string.</doc>
<msg timestamp="20240520 18:10:13.306" level="INFO">${all_text} =  {"top": "1", "tt": "#ゴンチャの新作"}
 {"top": "2", "tt": "#あさイチ"}
 {"top": "3", "tt": "#ريان_حايك"}
 {"top": "4", "tt": "マスカット"}
 {"top": "5", "tt": "給与明細"}
</msg>
<status status="PASS" starttime="20240520 18:10:13.304" endtime="20240520 18:10:13.306"/>
</kw>
<status status="PASS" starttime="20240520 18:10:13.277" endtime="20240520 18:10:13.306"/>
</iter>
<iter>
<var name="${i}">6</var>
<kw name="Get Text" library="SeleniumLibrary">
<var>${text}</var>
<arg>xpath=(//td[@class='main']//a)[${i}]</arg>
<doc>Returns the text value of the element identified by ``locator``.</doc>
<msg timestamp="20240520 18:10:13.366" level="INFO">${text} = #LOSEMYBREATH_Hot100</msg>
<status status="PASS" starttime="20240520 18:10:13.308" endtime="20240520 18:10:13.367"/>
</kw>
<kw name="Convert To Json" library="special">
<var>${json_text}</var>
<arg>${i}</arg>
<arg>${text}</arg>
<msg timestamp="20240520 18:10:13.369" level="INFO">${json_text} = {"top": "6", "tt": "#LOSEMYBREATH_Hot100"}</msg>
<status status="PASS" starttime="20240520 18:10:13.368" endtime="20240520 18:10:13.370"/>
</kw>
<kw name="Catenate" library="BuiltIn">
<var>${all_text}</var>
<arg>${all_text}</arg>
<arg>${json_text}\n</arg>
<doc>Catenates the given items together and returns the resulted string.</doc>
<msg timestamp="20240520 18:10:13.372" level="INFO">${all_text} =  {"top": "1", "tt": "#ゴンチャの新作"}
 {"top": "2", "tt": "#あさイチ"}
 {"top": "3", "tt": "#ريان_حايك"}
 {"top": "4", "tt": "マスカット"}
 {"top": "5", "tt": "給与明細"}
 {"top": "6", "tt": "#LOSEMYBREATH_Hot100"}
</msg>
<status status="PASS" starttime="20240520 18:10:13.371" endtime="20240520 18:10:13.373"/>
</kw>
<status status="PASS" starttime="20240520 18:10:13.307" endtime="20240520 18:10:13.374"/>
</iter>
<iter>
<var name="${i}">7</var>
<kw name="Get Text" library="SeleniumLibrary">
<var>${text}</var>
<arg>xpath=(//td[@class='main']//a)[${i}]</arg>
<doc>Returns the text value of the element identified by ``locator``.</doc>
<msg timestamp="20240520 18:10:13.398" level="INFO">${text} = #StrayKids_Hot100_Hitmakers</msg>
<status status="PASS" starttime="20240520 18:10:13.376" endtime="20240520 18:10:13.399"/>
</kw>
<kw name="Convert To Json" library="special">
<var>${json_text}</var>
<arg>${i}</arg>
<arg>${text}</arg>
<msg timestamp="20240520 18:10:13.401" level="INFO">${json_text} = {"top": "7", "tt": "#StrayKids_Hot100_Hitmakers"}</msg>
<status status="PASS" starttime="20240520 18:10:13.399" endtime="20240520 18:10:13.401"/>
</kw>
<kw name="Catenate" library="BuiltIn">
<var>${all_text}</var>
<arg>${all_text}</arg>
<arg>${json_text}\n</arg>
<doc>Catenates the given items together and returns the resulted string.</doc>
<msg timestamp="20240520 18:10:13.403" level="INFO">${all_text} =  {"top": "1", "tt": "#ゴンチャの新作"}
 {"top": "2", "tt": "#あさイチ"}
 {"top": "3", "tt": "#ريان_حايك"}
 {"top": "4", "tt": "マスカット"}
 {"top": "5", "tt": "給与明細"}
 {"top": "6", "tt": "#LOSEMYBREATH_Hot100"}
 {"t...</msg>
<status status="PASS" starttime="20240520 18:10:13.402" endtime="20240520 18:10:13.403"/>
</kw>
<status status="PASS" starttime="20240520 18:10:13.375" endtime="20240520 18:10:13.403"/>
</iter>
<iter>
<var name="${i}">8</var>
<kw name="Get Text" library="SeleniumLibrary">
<var>${text}</var>
<arg>xpath=(//td[@class='main']//a)[${i}]</arg>
<doc>Returns the text value of the element identified by ``locator``.</doc>
<msg timestamp="20240520 18:10:13.429" level="INFO">${text} = STRAY KIDS HITS HOT100</msg>
<status status="PASS" starttime="20240520 18:10:13.405" endtime="20240520 18:10:13.430"/>
</kw>
<kw name="Convert To Json" library="special">
<var>${json_text}</var>
<arg>${i}</arg>
<arg>${text}</arg>
<msg timestamp="20240520 18:10:13.434" level="INFO">${json_text} = {"top": "8", "tt": "STRAY KIDS HITS HOT100"}</msg>
<status status="PASS" starttime="20240520 18:10:13.431" endtime="20240520 18:10:13.435"/>
</kw>
<kw name="Catenate" library="BuiltIn">
<var>${all_text}</var>
<arg>${all_text}</arg>
<arg>${json_text}\n</arg>
<doc>Catenates the given items together and returns the resulted string.</doc>
<msg timestamp="20240520 18:10:13.438" level="INFO">${all_text} =  {"top": "1", "tt": "#ゴンチャの新作"}
 {"top": "2", "tt": "#あさイチ"}
 {"top": "3", "tt": "#ريان_حايك"}
 {"top": "4", "tt": "マスカット"}
 {"top": "5", "tt": "給与明細"}
 {"top": "6", "tt": "#LOSEMYBREATH_Hot100"}
 {"t...</msg>
<status status="PASS" starttime="20240520 18:10:13.436" endtime="20240520 18:10:13.438"/>
</kw>
<status status="PASS" starttime="20240520 18:10:13.404" endtime="20240520 18:10:13.439"/>
</iter>
<iter>
<var name="${i}">9</var>
<kw name="Get Text" library="SeleniumLibrary">
<var>${text}</var>
<arg>xpath=(//td[@class='main']//a)[${i}]</arg>
<doc>Returns the text value of the element identified by ``locator``.</doc>
<msg timestamp="20240520 18:10:13.469" level="INFO">${text} = 定額減税</msg>
<status status="PASS" starttime="20240520 18:10:13.441" endtime="20240520 18:10:13.470"/>
</kw>
<kw name="Convert To Json" library="special">
<var>${json_text}</var>
<arg>${i}</arg>
<arg>${text}</arg>
<msg timestamp="20240520 18:10:13.473" level="INFO">${json_text} = {"top": "9", "tt": "定額減税"}</msg>
<status status="PASS" starttime="20240520 18:10:13.471" endtime="20240520 18:10:13.473"/>
</kw>
<kw name="Catenate" library="BuiltIn">
<var>${all_text}</var>
<arg>${all_text}</arg>
<arg>${json_text}\n</arg>
<doc>Catenates the given items together and returns the resulted string.</doc>
<msg timestamp="20240520 18:10:13.476" level="INFO">${all_text} =  {"top": "1", "tt": "#ゴンチャの新作"}
 {"top": "2", "tt": "#あさイチ"}
 {"top": "3", "tt": "#ريان_حايك"}
 {"top": "4", "tt": "マスカット"}
 {"top": "5", "tt": "給与明細"}
 {"top": "6", "tt": "#LOSEMYBREATH_Hot100"}
 {"t...</msg>
<status status="PASS" starttime="20240520 18:10:13.475" endtime="20240520 18:10:13.477"/>
</kw>
<status status="PASS" starttime="20240520 18:10:13.440" endtime="20240520 18:10:13.477"/>
</iter>
<iter>
<var name="${i}">10</var>
<kw name="Get Text" library="SeleniumLibrary">
<var>${text}</var>
<arg>xpath=(//td[@class='main']//a)[${i}]</arg>
<doc>Returns the text value of the element identified by ``locator``.</doc>
<msg timestamp="20240520 18:10:13.534" level="INFO">${text} = 久保田先輩</msg>
<status status="PASS" starttime="20240520 18:10:13.479" endtime="20240520 18:10:13.534"/>
</kw>
<kw name="Convert To Json" library="special">
<var>${json_text}</var>
<arg>${i}</arg>
<arg>${text}</arg>
<msg timestamp="20240520 18:10:13.538" level="INFO">${json_text} = {"top": "10", "tt": "久保田先輩"}</msg>
<status status="PASS" starttime="20240520 18:10:13.536" endtime="20240520 18:10:13.539"/>
</kw>
<kw name="Catenate" library="BuiltIn">
<var>${all_text}</var>
<arg>${all_text}</arg>
<arg>${json_text}\n</arg>
<doc>Catenates the given items together and returns the resulted string.</doc>
<msg timestamp="20240520 18:10:13.541" level="INFO">${all_text} =  {"top": "1", "tt": "#ゴンチャの新作"}
 {"top": "2", "tt": "#あさイチ"}
 {"top": "3", "tt": "#ريان_حايك"}
 {"top": "4", "tt": "マスカット"}
 {"top": "5", "tt": "給与明細"}
 {"top": "6", "tt": "#LOSEMYBREATH_Hot100"}
 {"t...</msg>
<status status="PASS" starttime="20240520 18:10:13.540" endtime="20240520 18:10:13.543"/>
</kw>
<status status="PASS" starttime="20240520 18:10:13.478" endtime="20240520 18:10:13.543"/>
</iter>
<status status="PASS" starttime="20240520 18:10:13.147" endtime="20240520 18:10:13.544"/>
</for>
<kw name="Create File" library="OperatingSystem">
<arg>c:\\Users\\javie\\OneDrive\\Escritorio\\synthWave1\\synthwave001\\bots\\twitterTendences\\twitterTendences${/}tendences.txt</arg>
<arg>${all_text}</arg>
<doc>Creates a file with the given content and encoding.</doc>
<msg timestamp="20240520 18:10:13.549" level="INFO" html="true">Created file '&lt;a href="file://c:\Users\javie\OneDrive\Escritorio\synthWave1\synthwave001\bots\twitterTendences\twitterTendences\tendences.txt"&gt;c:\Users\javie\OneDrive\Escritorio\synthWave1\synthwave001\bots\twitterTendences\twitterTendences\tendences.txt&lt;/a&gt;'.</msg>
<status status="PASS" starttime="20240520 18:10:13.545" endtime="20240520 18:10:13.550"/>
</kw>
<kw name="Close Browser" library="SeleniumLibrary">
<doc>Closes the current browser.</doc>
<status status="PASS" starttime="20240520 18:10:13.551" endtime="20240520 18:10:15.673"/>
</kw>
<msg timestamp="20240520 18:10:15.675" level="INFO">${result} = None</msg>
<status status="PASS" starttime="20240520 18:10:07.148" endtime="20240520 18:10:15.675"/>
</kw>
<status status="PASS" starttime="20240520 18:10:07.143" endtime="20240520 18:10:15.677"/>
</test>
<status status="PASS" starttime="20240520 18:10:06.357" endtime="20240520 18:10:15.681"/>
</suite>
<statistics>
<total>
<stat pass="1" fail="0" skip="0">All Tests</stat>
</total>
<tag>
</tag>
<suite>
<stat pass="1" fail="0" skip="0" id="s1" name="Tasks">Tasks</stat>
</suite>
</statistics>
<errors>
</errors>
</robot>
